Log file open, 12/08/19 15:36:47
LogWindows: Failed to load 'aqProf.dll' (GetLastError=126)
LogWindows: File 'aqProf.dll' does not exist
LogWindows: Failed to load 'VtuneApi.dll' (GetLastError=126)
LogWindows: File 'VtuneApi.dll' does not exist
LogWindows: Failed to load 'VtuneApi32e.dll' (GetLastError=126)
LogWindows: File 'VtuneApi32e.dll' does not exist
LogConsoleResponse: Display: Failed to find resolution value strings in scalability ini. Falling back to default.
LogInit: Display: Running engine for game: WalkingSim
LogPlatformFile: Not using cached read wrapper
LogTaskGraph: Started task graph with 5 named threads and 23 total threads with 3 sets of task threads.
LogStats: Stats thread started at 0.072601
LogD3D11RHI: Loaded GFSDK_Aftermath_Lib.x64.dll
LogICUInternationalization: ICU TimeZone Detection - Raw Offset: -5:00, Platform Override: ''
LogPluginManager: Mounting plugin Paper2D
LogPluginManager: Mounting plugin AISupport
LogPluginManager: Mounting plugin LightPropagationVolume
LogPluginManager: Mounting plugin ActorLayerUtilities
LogPluginManager: Mounting plugin AnimationSharing
LogPluginManager: Mounting plugin CLionSourceCodeAccess
LogPluginManager: Mounting plugin CodeLiteSourceCodeAccess
LogPluginManager: Mounting plugin ConcertMain
LogPluginManager: Mounting plugin ConcertSyncClient
LogPluginManager: Mounting plugin ConcertSyncCore
LogPluginManager: Found config from plugin[ConcertSyncCore] C:/Users/brent/Documents/GitHub/UnrealEngine4/Walking Sim/WalkingSim/Saved/Config/Windows/Engine.ini
LogPluginManager: Mounting plugin MultiUserClient
LogPluginManager: Mounting plugin GitSourceControl
LogPluginManager: Mounting plugin KDevelopSourceCodeAccess
LogPluginManager: Mounting plugin NullSourceCodeAccess
LogPluginManager: Mounting plugin PerforceSourceControl
LogPluginManager: Mounting plugin SubversionSourceControl
LogPluginManager: Mounting plugin UObjectPlugin
LogPluginManager: Mounting plugin VisualStudioCodeSourceCodeAccess
LogPluginManager: Mounting plugin VisualStudioSourceCodeAccess
LogPluginManager: Mounting plugin XCodeSourceCodeAccess
LogPluginManager: Mounting plugin AssetManagerEditor
LogPluginManager: Mounting plugin CryptoKeys
LogPluginManager: Mounting plugin CurveEditorTools
LogPluginManager: Mounting plugin DataValidation
LogPluginManager: Mounting plugin FacialAnimation
LogPluginManager: Mounting plugin GameplayTagsEditor
LogPluginManager: Mounting plugin MacGraphicsSwitching
LogPluginManager: Mounting plugin MaterialAnalyzer
LogPluginManager: Mounting plugin MobileLauncherProfileWizard
LogPluginManager: Mounting plugin PluginBrowser
LogPluginManager: Mounting plugin SpeedTreeImporter
LogPluginManager: Mounting plugin DatasmithContent
LogPluginManager: Mounting plugin VariantManagerContent
LogPluginManager: Mounting plugin AlembicImporter
LogPluginManager: Mounting plugin AutomationUtils
LogPluginManager: Mounting plugin BackChannel
LogPluginManager: Mounting plugin CharacterAI
LogPluginManager: Mounting plugin GeometryCache
LogPluginManager: Mounting plugin HTML5Networking
LogPluginManager: Mounting plugin PlatformCrypto
LogPluginManager: Mounting plugin ProxyLODPlugin
LogPluginManager: Mounting plugin SkeletalReduction
LogPluginManager: Mounting plugin MagicLeap
LogPluginManager: Mounting plugin MagicLeapMedia
LogPluginManager: Mounting plugin AndroidMedia
LogPluginManager: Mounting plugin AvfMedia
LogPluginManager: Mounting plugin ImgMedia
LogPluginManager: Mounting plugin MediaCompositing
LogPluginManager: Mounting plugin MediaPlayerEditor
LogPluginManager: Mounting plugin WebMMedia
LogPluginManager: Mounting plugin WmfMedia
LogPluginManager: Mounting plugin TcpMessaging
LogPluginManager: Mounting plugin UdpMessaging
LogPluginManager: Mounting plugin ActorSequence
LogPluginManager: Mounting plugin LevelSequenceEditor
LogPluginManager: Mounting plugin MatineeToLevelSequence
LogPluginManager: Mounting plugin NetcodeUnitTest
LogPluginManager: Mounting plugin NUTUnrealEngine4
LogPluginManager: Mounting plugin OnlineSubsystemGooglePlay
LogPluginManager: Mounting plugin OnlineSubsystemIOS
LogPluginManager: Mounting plugin OnlineSubsystem
LogPluginManager: Mounting plugin OnlineSubsystemNull
LogPluginManager: Mounting plugin OnlineSubsystemUtils
LogPluginManager: Mounting plugin LauncherChunkInstaller
LogPluginManager: Mounting plugin AndroidDeviceProfileSelector
LogPluginManager: Mounting plugin AndroidMoviePlayer
LogPluginManager: Mounting plugin AndroidPermission
LogPluginManager: Mounting plugin AppleImageUtils
LogPluginManager: Mounting plugin AppleMoviePlayer
LogPluginManager: Mounting plugin ArchVisCharacter
LogPluginManager: Mounting plugin AudioCapture
LogPluginManager: Mounting plugin CableComponent
LogPluginManager: Mounting plugin CustomMeshComponent
LogPluginManager: Mounting plugin SQLiteCore
LogPluginManager: Mounting plugin EditableMesh
LogPluginManager: Mounting plugin ExampleDeviceProfileSelector
LogPluginManager: Mounting plugin GoogleCloudMessaging
LogPluginManager: Mounting plugin IOSDeviceProfileSelector
LogPluginManager: Mounting plugin LinuxDeviceProfileSelector
LogPluginManager: Mounting plugin LocationServicesBPLibrary
LogPluginManager: Mounting plugin MobilePatchingUtils
LogPluginManager: Mounting plugin OculusVR
LogPluginManager: Mounting plugin PhysXVehicles
LogPluginManager: Mounting plugin ProceduralMeshComponent
LogPluginManager: Mounting plugin RuntimePhysXCooking
LogPluginManager: Mounting plugin SignificanceManager
LogPluginManager: Mounting plugin SteamVR
LogPluginManager: Mounting plugin WebMMoviePlayer
LogPluginManager: Mounting plugin WindowsMoviePlayer
LogPluginManager: Mounting plugin ScreenshotTools
LogInit: Using libcurl 7.55.1-DEV
LogInit:  - built for x86_64-pc-win32
LogInit:  - supports SSL with OpenSSL/1.1.1
LogInit:  - supports HTTP deflate (compression) using libz 1.2.8
LogInit:  - other features:
LogInit:      CURL_VERSION_SSL
LogInit:      CURL_VERSION_LIBZ
LogInit:      CURL_VERSION_IPV6
LogInit:      CURL_VERSION_ASYNCHDNS
LogInit:      CURL_VERSION_LARGEFILE
LogInit:      CURL_VERSION_IDN
LogInit:  CurlRequestOptions (configurable via config and command line):
LogInit:  - bVerifyPeer = true  - Libcurl will verify peer certificate
LogInit:  - bUseHttpProxy = false  - Libcurl will NOT use HTTP proxy
LogInit:  - bDontReuseConnections = false  - Libcurl will reuse connections
LogInit:  - MaxHostConnections = 16  - Libcurl will limit the number of connections to a host
LogInit:  - LocalHostAddr = Default
LogInit:  - BufferSize = 65536
LogOnline: OSS: Creating online subsystem instance for: NULL
LogInit: WinSock: version 1.1 (2.2), MaxSocks=32767, MaxUdp=65467
LogInit: Build: ++UE4+Release-4.23-CL-9631420
LogInit: Engine Version: 4.23.1-9631420+++UE4+Release-4.23
LogInit: Compatible Engine Version: 4.23.0-8386587+++UE4+Release-4.23
LogInit: Net CL: 8386587
LogInit: OS: Windows 10 (Release 1903) (), CPU: Intel(R) Core(TM) i7-7700K CPU @ 4.20GHz, GPU: NVIDIA GeForce GTX 1080
LogInit: Compiled (64-bit): Oct 18 2019 02:07:44
LogInit: Compiled with Visual C++: 19.16.27030.01
LogInit: Build Configuration: Development
LogInit: Branch Name: ++UE4+Release-4.23
LogInit: Command Line: 
LogInit: Base Directory: C:/Program Files/Epic Games/UE_4.23/Engine/Binaries/Win64/
LogInit: Installed Engine Build: 1
LogDevObjectVersion: Number of dev versions registered: 23
LogDevObjectVersion:   Dev-Blueprints (B0D832E4-1F89-4F0D-ACCF-7EB736FD4AA2): 10
LogDevObjectVersion:   Dev-Build (E1C64328-A22C-4D53-A36C-8E866417BD8C): 0
LogDevObjectVersion:   Dev-Core (375EC13C-06E4-48FB-B500-84F0262A717E): 3
LogDevObjectVersion:   Dev-Editor (E4B068ED-F494-42E9-A231-DA0B2E46BB41): 34
LogDevObjectVersion:   Dev-Framework (CFFC743F-43B0-4480-9391-14DF171D2073): 35
LogDevObjectVersion:   Dev-Mobile (B02B49B5-BB20-44E9-A304-32B752E40360): 2
LogDevObjectVersion:   Dev-Networking (A4E4105C-59A1-49B5-A7C5-40C4547EDFEE): 0
LogDevObjectVersion:   Dev-Online (39C831C9-5AE6-47DC-9A44-9C173E1C8E7C): 0
LogDevObjectVersion:   Dev-Physics (78F01B33-EBEA-4F98-B9B4-84EACCB95AA2): 0
LogDevObjectVersion:   Dev-Platform (6631380F-2D4D-43E0-8009-CF276956A95A): 0
LogDevObjectVersion:   Dev-Rendering (12F88B9F-8875-4AFC-A67C-D90C383ABD29): 31
LogDevObjectVersion:   Dev-Sequencer (7B5AE74C-D270-4C10-A958-57980B212A5A): 11
LogDevObjectVersion:   Dev-VR (D7296918-1DD6-4BDD-9DE2-64A83CC13884): 2
LogDevObjectVersion:   Dev-LoadTimes (C2A15278-BFE7-4AFE-6C17-90FF531DF755): 1
LogDevObjectVersion:   Private-Geometry (6EACA3D4-40EC-4CC1-B786-8BED09428FC5): 3
LogDevObjectVersion:   Dev-AnimPhys (29E575DD-E0A3-4627-9D10-D276232CDCEA): 17
LogDevObjectVersion:   Dev-Anim (AF43A65D-7FD3-4947-9873-3E8ED9C1BB05): 2
LogDevObjectVersion:   Dev-ReflectionCapture (6B266CEC-1EC7-4B8F-A30B-E4D90942FC07): 1
LogDevObjectVersion:   Dev-Automation (0DF73D61-A23F-47EA-B727-89E90C41499A): 1
LogDevObjectVersion:   FortniteMain (601D1886-AC64-4F84-AA16-D3DE0DEAC7D6): 27
LogDevObjectVersion:   Dev-Enterprise (9DFFBCD6-494F-0158-E221-12823C92A888): 6
LogDevObjectVersion:   Dev-Niagara (F2AED0AC-9AFE-416F-8664-AA7FFA26D6FC): 1
LogDevObjectVersion:   Dev-Destruction (174F1F0B-B4C6-45A5-B13F-2EE8D0FB917D): 9
LogInit: Presizing for max 16777216 objects, including 0 objects not considered by GC, pre-allocating 0 bytes for permanent pool.
LogInit: Object subsystem initialized
LogConfig: Setting CVar [[con.DebugEarlyDefault:1]]
LogConfig: Setting CVar [[r.setres:1280x720]]
[2019.12.08-20.36.47:385][  0]LogConfig: Setting CVar [[r.VSync:0]]
[2019.12.08-20.36.47:385][  0]LogConfig: Setting CVar [[r.RHICmdBypass:0]]
[2019.12.08-20.36.47:385][  0]LogConfig: Applying CVar settings from Section [/Script/Engine.RendererSettings] File [C:/Users/brent/Documents/GitHub/UnrealEngine4/Walking Sim/WalkingSim/Saved/Config/Windows/Engine.ini]
[2019.12.08-20.36.47:385][  0]LogConfig: Setting CVar [[r.GPUCrashDebugging:0]]
[2019.12.08-20.36.47:385][  0]LogConfig: Applying CVar settings from Section [/Script/Engine.RendererOverrideSettings] File [C:/Users/brent/Documents/GitHub/UnrealEngine4/Walking Sim/WalkingSim/Saved/Config/Windows/Engine.ini]
[2019.12.08-20.36.47:385][  0]LogConfig: Applying CVar settings from Section [/Script/Engine.StreamingSettings] File [C:/Users/brent/Documents/GitHub/UnrealEngine4/Walking Sim/WalkingSim/Saved/Config/Windows/Engine.ini]
[2019.12.08-20.36.47:385][  0]LogConfig: Setting CVar [[s.MinBulkDataSizeForAsyncLoading:131072]]
[2019.12.08-20.36.47:385][  0]LogConfig: Setting CVar [[s.AsyncLoadingThreadEnabled:0]]
[2019.12.08-20.36.47:385][  0]LogConfig: Setting CVar [[s.EventDrivenLoaderEnabled:1]]
[2019.12.08-20.36.47:385][  0]LogConfig: Setting CVar [[s.WarnIfTimeLimitExceeded:0]]
[2019.12.08-20.36.47:385][  0]LogConfig: Setting CVar [[s.TimeLimitExceededMultiplier:1.5]]
[2019.12.08-20.36.47:385][  0]LogConfig: Setting CVar [[s.TimeLimitExceededMinTime:0.005]]
[2019.12.08-20.36.47:385][  0]LogConfig: Setting CVar [[s.UseBackgroundLevelStreaming:1]]
[2019.12.08-20.36.47:385][  0]LogConfig: Setting CVar [[s.PriorityAsyncLoadingExtraTime:15.0]]
[2019.12.08-20.36.47:385][  0]LogConfig: Setting CVar [[s.LevelStreamingActorsUpdateTimeLimit:5.0]]
[2019.12.08-20.36.47:385][  0]LogConfig: Setting CVar [[s.PriorityLevelStreamingActorsUpdateExtraTime:5.0]]
[2019.12.08-20.36.47:385][  0]LogConfig: Setting CVar [[s.LevelStreamingComponentsRegistrationGranularity:10]]
[2019.12.08-20.36.47:385][  0]LogConfig: Setting CVar [[s.UnregisterComponentsTimeLimit:1.0]]
[2019.12.08-20.36.47:385][  0]LogConfig: Setting CVar [[s.LevelStreamingComponentsUnregistrationGranularity:5]]
[2019.12.08-20.36.47:385][  0]LogConfig: Applying CVar settings from Section [/Script/Engine.GarbageCollectionSettings] File [C:/Users/brent/Documents/GitHub/UnrealEngine4/Walking Sim/WalkingSim/Saved/Config/Windows/Engine.ini]
[2019.12.08-20.36.47:385][  0]LogConfig: Setting CVar [[gc.MaxObjectsNotConsideredByGC:1]]
[2019.12.08-20.36.47:385][  0]LogConfig: Setting CVar [[gc.SizeOfPermanentObjectPool:0]]
[2019.12.08-20.36.47:385][  0]LogConfig: Setting CVar [[gc.FlushStreamingOnGC:0]]
[2019.12.08-20.36.47:385][  0]LogConfig: Setting CVar [[gc.NumRetriesBeforeForcingGC:10]]
[2019.12.08-20.36.47:385][  0]LogConfig: Setting CVar [[gc.AllowParallelGC:1]]
[2019.12.08-20.36.47:385][  0]LogConfig: Setting CVar [[gc.TimeBetweenPurgingPendingKillObjects:61.1]]
[2019.12.08-20.36.47:385][  0]LogConfig: Setting CVar [[gc.MaxObjectsInEditor:16777216]]
[2019.12.08-20.36.47:385][  0]LogConfig: Setting CVar [[gc.IncrementalBeginDestroyEnabled:1]]
[2019.12.08-20.36.47:385][  0]LogConfig: Setting CVar [[gc.CreateGCClusters:1]]
[2019.12.08-20.36.47:385][  0]LogConfig: Setting CVar [[gc.MinGCClusterSize:5]]
[2019.12.08-20.36.47:385][  0]LogConfig: Setting CVar [[gc.ActorClusteringEnabled:0]]
[2019.12.08-20.36.47:385][  0]LogConfig: Setting CVar [[gc.BlueprintClusteringEnabled:0]]
[2019.12.08-20.36.47:385][  0]LogConfig: Setting CVar [[gc.UseDisregardForGCOnDedicatedServers:0]]
[2019.12.08-20.36.47:385][  0]LogConfig: Applying CVar settings from Section [/Script/Engine.NetworkSettings] File [C:/Users/brent/Documents/GitHub/UnrealEngine4/Walking Sim/WalkingSim/Saved/Config/Windows/Engine.ini]
[2019.12.08-20.36.47:385][  0]LogConfig: Applying CVar settings from Section [/Script/UnrealEd.CookerSettings] File [C:/Users/brent/Documents/GitHub/UnrealEngine4/Walking Sim/WalkingSim/Saved/Config/Windows/Engine.ini]
[2019.12.08-20.36.47:389][  0]LogConfig: Applying CVar settings from Section [ViewDistanceQuality@3] File [C:/Users/brent/Documents/GitHub/UnrealEngine4/Walking Sim/WalkingSim/Saved/Config/Windows/Scalability.ini]
[2019.12.08-20.36.47:389][  0]LogConfig: Setting CVar [[r.SkeletalMeshLODBias:0]]
[2019.12.08-20.36.47:389][  0]LogConfig: Setting CVar [[r.ViewDistanceScale:1.0]]
[2019.12.08-20.36.47:389][  0]LogConfig: Applying CVar settings from Section [AntiAliasingQuality@3] File [C:/Users/brent/Documents/GitHub/UnrealEngine4/Walking Sim/WalkingSim/Saved/Config/Windows/Scalability.ini]
[2019.12.08-20.36.47:389][  0]LogConfig: Setting CVar [[r.PostProcessAAQuality:4]]
[2019.12.08-20.36.47:389][  0]LogConfig: Applying CVar settings from Section [ShadowQuality@3] File [C:/Users/brent/Documents/GitHub/UnrealEngine4/Walking Sim/WalkingSim/Saved/Config/Windows/Scalability.ini]
[2019.12.08-20.36.47:389][  0]LogConfig: Setting CVar [[r.LightFunctionQuality:1]]
[2019.12.08-20.36.47:389][  0]LogConfig: Setting CVar [[r.ShadowQuality:5]]
[2019.12.08-20.36.47:389][  0]LogConfig: Setting CVar [[r.Shadow.CSM.MaxCascades:10]]
[2019.12.08-20.36.47:389][  0]LogConfig: Setting CVar [[r.Shadow.MaxResolution:2048]]
[2019.12.08-20.36.47:389][  0]LogConfig: Setting CVar [[r.Shadow.MaxCSMResolution:2048]]
[2019.12.08-20.36.47:389][  0]LogConfig: Setting CVar [[r.Shadow.RadiusThreshold:0.01]]
[2019.12.08-20.36.47:389][  0]LogConfig: Setting CVar [[r.Shadow.DistanceScale:1.0]]
[2019.12.08-20.36.47:389][  0]LogConfig: Setting CVar [[r.Shadow.CSM.TransitionScale:1.0]]
[2019.12.08-20.36.47:389][  0]LogConfig: Setting CVar [[r.Shadow.PreShadowResolutionFactor:1.0]]
[2019.12.08-20.36.47:389][  0]LogConfig: Setting CVar [[r.DistanceFieldShadowing:1]]
[2019.12.08-20.36.47:389][  0]LogConfig: Setting CVar [[r.DistanceFieldAO:1]]
[2019.12.08-20.36.47:389][  0]LogConfig: Setting CVar [[r.AOQuality:2]]
[2019.12.08-20.36.47:389][  0]LogConfig: Setting CVar [[r.VolumetricFog:1]]
[2019.12.08-20.36.47:389][  0]LogConfig: Setting CVar [[r.VolumetricFog.GridPixelSize:8]]
[2019.12.08-20.36.47:389][  0]LogConfig: Setting CVar [[r.VolumetricFog.GridSizeZ:128]]
[2019.12.08-20.36.47:389][  0]LogConfig: Setting CVar [[r.VolumetricFog.HistoryMissSupersampleCount:4]]
[2019.12.08-20.36.47:390][  0]LogConfig: Setting CVar [[r.LightMaxDrawDistanceScale:1]]
[2019.12.08-20.36.47:390][  0]LogConfig: Setting CVar [[r.CapsuleShadows:1]]
[2019.12.08-20.36.47:390][  0]LogConfig: Applying CVar settings from Section [PostProcessQuality@3] File [C:/Users/brent/Documents/GitHub/UnrealEngine4/Walking Sim/WalkingSim/Saved/Config/Windows/Scalability.ini]
[2019.12.08-20.36.47:390][  0]LogConfig: Setting CVar [[r.MotionBlurQuality:4]]
[2019.12.08-20.36.47:390][  0]LogConfig: Setting CVar [[r.AmbientOcclusionMipLevelFactor:0.4]]
[2019.12.08-20.36.47:390][  0]LogConfig: Setting CVar [[r.AmbientOcclusionMaxQuality:100]]
[2019.12.08-20.36.47:390][  0]LogConfig: Setting CVar [[r.AmbientOcclusionLevels:-1]]
[2019.12.08-20.36.47:390][  0]LogConfig: Setting CVar [[r.AmbientOcclusionRadiusScale:1.0]]
[2019.12.08-20.36.47:390][  0]LogConfig: Setting CVar [[r.DepthOfFieldQuality:2]]
[2019.12.08-20.36.47:390][  0]LogConfig: Setting CVar [[r.RenderTargetPoolMin:400]]
[2019.12.08-20.36.47:390][  0]LogConfig: Setting CVar [[r.LensFlareQuality:2]]
[2019.12.08-20.36.47:390][  0]LogConfig: Setting CVar [[r.SceneColorFringeQuality:1]]
[2019.12.08-20.36.47:390][  0]LogConfig: Setting CVar [[r.EyeAdaptationQuality:2]]
[2019.12.08-20.36.47:390][  0]LogConfig: Setting CVar [[r.BloomQuality:5]]
[2019.12.08-20.36.47:390][  0]LogConfig: Setting CVar [[r.FastBlurThreshold:100]]
[2019.12.08-20.36.47:390][  0]LogConfig: Setting CVar [[r.Upscale.Quality:3]]
[2019.12.08-20.36.47:390][  0]LogConfig: Setting CVar [[r.Tonemapper.GrainQuantization:1]]
[2019.12.08-20.36.47:390][  0]LogConfig: Setting CVar [[r.LightShaftQuality:1]]
[2019.12.08-20.36.47:390][  0]LogConfig: Setting CVar [[r.Filter.SizeScale:1]]
[2019.12.08-20.36.47:390][  0]LogConfig: Setting CVar [[r.Tonemapper.Quality:5]]
[2019.12.08-20.36.47:390][  0]LogConfig: Setting CVar [[r.DOF.Gather.AccumulatorQuality:1        ; higher gathering accumulator quality]]
[2019.12.08-20.36.47:390][  0]LogConfig: Setting CVar [[r.DOF.Gather.PostfilterMethod:1          ; Median3x3 postfilering method]]
[2019.12.08-20.36.47:390][  0]LogConfig: Setting CVar [[r.DOF.Gather.EnableBokehSettings:0       ; no bokeh simulation when gathering]]
[2019.12.08-20.36.47:390][  0]LogConfig: Setting CVar [[r.DOF.Gather.RingCount:4                 ; medium number of samples when gathering]]
[2019.12.08-20.36.47:390][  0]LogConfig: Setting CVar [[r.DOF.Scatter.ForegroundCompositing:1    ; additive foreground scattering]]
[2019.12.08-20.36.47:390][  0]LogConfig: Setting CVar [[r.DOF.Scatter.BackgroundCompositing:2    ; additive background scattering]]
[2019.12.08-20.36.47:390][  0]LogConfig: Setting CVar [[r.DOF.Scatter.EnableBokehSettings:1      ; bokeh simulation when scattering]]
[2019.12.08-20.36.47:390][  0]LogConfig: Setting CVar [[r.DOF.Scatter.MaxSpriteRatio:0.1         ; only a maximum of 10% of scattered bokeh]]
[2019.12.08-20.36.47:390][  0]LogConfig: Setting CVar [[r.DOF.Recombine.Quality:1                ; cheap slight out of focus]]
[2019.12.08-20.36.47:390][  0]LogConfig: Setting CVar [[r.DOF.Recombine.EnableBokehSettings:0    ; no bokeh simulation on slight out of focus]]
[2019.12.08-20.36.47:390][  0]LogConfig: Setting CVar [[r.DOF.TemporalAAQuality:1                ; more stable temporal accumulation]]
[2019.12.08-20.36.47:390][  0]LogConfig: Setting CVar [[r.DOF.Kernel.MaxForegroundRadius:0.025]]
[2019.12.08-20.36.47:390][  0]LogConfig: Setting CVar [[r.DOF.Kernel.MaxBackgroundRadius:0.025]]
[2019.12.08-20.36.47:390][  0]LogConfig: Applying CVar settings from Section [TextureQuality@3] File [C:/Users/brent/Documents/GitHub/UnrealEngine4/Walking Sim/WalkingSim/Saved/Config/Windows/Scalability.ini]
[2019.12.08-20.36.47:390][  0]LogConfig: Setting CVar [[r.Streaming.MipBias:0]]
[2019.12.08-20.36.47:390][  0]LogConfig: Setting CVar [[r.Streaming.AmortizeCPUToGPUCopy:0]]
[2019.12.08-20.36.47:390][  0]LogConfig: Setting CVar [[r.Streaming.MaxNumTexturesToStreamPerFrame:0]]
[2019.12.08-20.36.47:390][  0]LogConfig: Setting CVar [[r.Streaming.Boost:1]]
[2019.12.08-20.36.47:390][  0]LogConfig: Setting CVar [[r.MaxAnisotropy:8]]
[2019.12.08-20.36.47:390][  0]LogConfig: Setting CVar [[r.Streaming.LimitPoolSizeToVRAM:0]]
[2019.12.08-20.36.47:390][  0]LogConfig: Setting CVar [[r.Streaming.PoolSize:1000]]
[2019.12.08-20.36.47:390][  0]LogConfig: Setting CVar [[r.Streaming.MaxEffectiveScreenSize:0]]
[2019.12.08-20.36.47:390][  0]LogConfig: Applying CVar settings from Section [EffectsQuality@3] File [C:/Users/brent/Documents/GitHub/UnrealEngine4/Walking Sim/WalkingSim/Saved/Config/Windows/Scalability.ini]
[2019.12.08-20.36.47:390][  0]LogConfig: Setting CVar [[r.TranslucencyLightingVolumeDim:64]]
[2019.12.08-20.36.47:390][  0]LogConfig: Setting CVar [[r.RefractionQuality:2]]
[2019.12.08-20.36.47:390][  0]LogConfig: Setting CVar [[r.SSR.Quality:3]]
[2019.12.08-20.36.47:390][  0]LogConfig: Setting CVar [[r.SceneColorFormat:4]]
[2019.12.08-20.36.47:390][  0]LogConfig: Setting CVar [[r.DetailMode:2]]
[2019.12.08-20.36.47:390][  0]LogConfig: Setting CVar [[r.TranslucencyVolumeBlur:1]]
[2019.12.08-20.36.47:390][  0]LogConfig: Setting CVar [[r.MaterialQualityLevel:1 ; High quality]]
[2019.12.08-20.36.47:390][  0]LogConfig: Setting CVar [[r.SSS.Scale:1]]
[2019.12.08-20.36.47:390][  0]LogConfig: Setting CVar [[r.SSS.SampleSet:2]]
[2019.12.08-20.36.47:390][  0]LogConfig: Setting CVar [[r.SSS.Quality:1]]
[2019.12.08-20.36.47:390][  0]LogConfig: Setting CVar [[r.SSS.HalfRes:1]]
[2019.12.08-20.36.47:390][  0]LogConfig: Setting CVar [[r.EmitterSpawnRateScale:1.0]]
[2019.12.08-20.36.47:390][  0]LogConfig: Setting CVar [[r.ParticleLightQuality:2]]
[2019.12.08-20.36.47:390][  0]LogConfig: Applying CVar settings from Section [FoliageQuality@3] File [C:/Users/brent/Documents/GitHub/UnrealEngine4/Walking Sim/WalkingSim/Saved/Config/Windows/Scalability.ini]
[2019.12.08-20.36.47:390][  0]LogConfig: Setting CVar [[foliage.DensityScale:1.0]]
[2019.12.08-20.36.47:390][  0]LogConfig: Setting CVar [[grass.DensityScale:1.0]]
[2019.12.08-20.36.47:390][  0]LogInit: Selected Device Profile: [Windows]
[2019.12.08-20.36.47:390][  0]LogInit: Applying CVar settings loaded from the selected device profile: [Windows]
[2019.12.08-20.36.47:393][  0]LogHAL: Display: Platform has ~ 16 GB [17142661120 / 17179869184 / 16], which maps to Larger [LargestMinGB=32, LargerMinGB=12, DefaultMinGB=8, SmallerMinGB=6, SmallestMinGB=0)
[2019.12.08-20.36.47:393][  0]LogInit: Going up to parent DeviceProfile []
[2019.12.08-20.36.47:393][  0]LogConfig: Applying CVar settings from Section [ViewDistanceQuality@3] File [C:/Users/brent/Documents/GitHub/UnrealEngine4/Walking Sim/WalkingSim/Saved/Config/Windows/Scalability.ini]
[2019.12.08-20.36.47:393][  0]LogConfig: Setting CVar [[r.SkeletalMeshLODBias:0]]
[2019.12.08-20.36.47:393][  0]LogConfig: Setting CVar [[r.ViewDistanceScale:1.0]]
[2019.12.08-20.36.47:393][  0]LogConfig: Applying CVar settings from Section [AntiAliasingQuality@3] File [C:/Users/brent/Documents/GitHub/UnrealEngine4/Walking Sim/WalkingSim/Saved/Config/Windows/Scalability.ini]
[2019.12.08-20.36.47:393][  0]LogConfig: Setting CVar [[r.PostProcessAAQuality:4]]
[2019.12.08-20.36.47:393][  0]LogConfig: Applying CVar settings from Section [ShadowQuality@3] File [C:/Users/brent/Documents/GitHub/UnrealEngine4/Walking Sim/WalkingSim/Saved/Config/Windows/Scalability.ini]
[2019.12.08-20.36.47:393][  0]LogConfig: Setting CVar [[r.LightFunctionQuality:1]]
[2019.12.08-20.36.47:393][  0]LogConfig: Setting CVar [[r.ShadowQuality:5]]
[2019.12.08-20.36.47:393][  0]LogConfig: Setting CVar [[r.Shadow.CSM.MaxCascades:10]]
[2019.12.08-20.36.47:393][  0]LogConfig: Setting CVar [[r.Shadow.MaxResolution:2048]]
[2019.12.08-20.36.47:393][  0]LogConfig: Setting CVar [[r.Shadow.MaxCSMResolution:2048]]
[2019.12.08-20.36.47:393][  0]LogConfig: Setting CVar [[r.Shadow.RadiusThreshold:0.01]]
[2019.12.08-20.36.47:393][  0]LogConfig: Setting CVar [[r.Shadow.DistanceScale:1.0]]
[2019.12.08-20.36.47:393][  0]LogConfig: Setting CVar [[r.Shadow.CSM.TransitionScale:1.0]]
[2019.12.08-20.36.47:393][  0]LogConfig: Setting CVar [[r.Shadow.PreShadowResolutionFactor:1.0]]
[2019.12.08-20.36.47:393][  0]LogConfig: Setting CVar [[r.DistanceFieldShadowing:1]]
[2019.12.08-20.36.47:393][  0]LogConfig: Setting CVar [[r.DistanceFieldAO:1]]
[2019.12.08-20.36.47:393][  0]LogConfig: Setting CVar [[r.AOQuality:2]]
[2019.12.08-20.36.47:393][  0]LogConfig: Setting CVar [[r.VolumetricFog:1]]
[2019.12.08-20.36.47:393][  0]LogConfig: Setting CVar [[r.VolumetricFog.GridPixelSize:8]]
[2019.12.08-20.36.47:393][  0]LogConfig: Setting CVar [[r.VolumetricFog.GridSizeZ:128]]
[2019.12.08-20.36.47:393][  0]LogConfig: Setting CVar [[r.VolumetricFog.HistoryMissSupersampleCount:4]]
[2019.12.08-20.36.47:393][  0]LogConfig: Setting CVar [[r.LightMaxDrawDistanceScale:1]]
[2019.12.08-20.36.47:393][  0]LogConfig: Setting CVar [[r.CapsuleShadows:1]]
[2019.12.08-20.36.47:393][  0]LogConfig: Applying CVar settings from Section [PostProcessQuality@3] File [C:/Users/brent/Documents/GitHub/UnrealEngine4/Walking Sim/WalkingSim/Saved/Config/Windows/Scalability.ini]
[2019.12.08-20.36.47:393][  0]LogConfig: Setting CVar [[r.MotionBlurQuality:4]]
[2019.12.08-20.36.47:393][  0]LogConfig: Setting CVar [[r.AmbientOcclusionMipLevelFactor:0.4]]
[2019.12.08-20.36.47:393][  0]LogConfig: Setting CVar [[r.AmbientOcclusionMaxQuality:100]]
[2019.12.08-20.36.47:393][  0]LogConfig: Setting CVar [[r.AmbientOcclusionLevels:-1]]
[2019.12.08-20.36.47:393][  0]LogConfig: Setting CVar [[r.AmbientOcclusionRadiusScale:1.0]]
[2019.12.08-20.36.47:393][  0]LogConfig: Setting CVar [[r.DepthOfFieldQuality:2]]
[2019.12.08-20.36.47:393][  0]LogConfig: Setting CVar [[r.RenderTargetPoolMin:400]]
[2019.12.08-20.36.47:393][  0]LogConfig: Setting CVar [[r.LensFlareQuality:2]]
[2019.12.08-20.36.47:393][  0]LogConfig: Setting CVar [[r.SceneColorFringeQuality:1]]
[2019.12.08-20.36.47:393][  0]LogConfig: Setting CVar [[r.EyeAdaptationQuality:2]]
[2019.12.08-20.36.47:393][  0]LogConfig: Setting CVar [[r.BloomQuality:5]]
[2019.12.08-20.36.47:393][  0]LogConfig: Setting CVar [[r.FastBlurThreshold:100]]
[2019.12.08-20.36.47:393][  0]LogConfig: Setting CVar [[r.Upscale.Quality:3]]
[2019.12.08-20.36.47:393][  0]LogConfig: Setting CVar [[r.Tonemapper.GrainQuantization:1]]
[2019.12.08-20.36.47:393][  0]LogConfig: Setting CVar [[r.LightShaftQuality:1]]
[2019.12.08-20.36.47:393][  0]LogConfig: Setting CVar [[r.Filter.SizeScale:1]]
[2019.12.08-20.36.47:393][  0]LogConfig: Setting CVar [[r.Tonemapper.Quality:5]]
[2019.12.08-20.36.47:393][  0]LogConfig: Setting CVar [[r.DOF.Gather.AccumulatorQuality:1        ; higher gathering accumulator quality]]
[2019.12.08-20.36.47:393][  0]LogConfig: Setting CVar [[r.DOF.Gather.PostfilterMethod:1          ; Median3x3 postfilering method]]
[2019.12.08-20.36.47:393][  0]LogConfig: Setting CVar [[r.DOF.Gather.EnableBokehSettings:0       ; no bokeh simulation when gathering]]
[2019.12.08-20.36.47:393][  0]LogConfig: Setting CVar [[r.DOF.Gather.RingCount:4                 ; medium number of samples when gathering]]
[2019.12.08-20.36.47:393][  0]LogConfig: Setting CVar [[r.DOF.Scatter.ForegroundCompositing:1    ; additive foreground scattering]]
[2019.12.08-20.36.47:393][  0]LogConfig: Setting CVar [[r.DOF.Scatter.BackgroundCompositing:2    ; additive background scattering]]
[2019.12.08-20.36.47:393][  0]LogConfig: Setting CVar [[r.DOF.Scatter.EnableBokehSettings:1      ; bokeh simulation when scattering]]
[2019.12.08-20.36.47:393][  0]LogConfig: Setting CVar [[r.DOF.Scatter.MaxSpriteRatio:0.1         ; only a maximum of 10% of scattered bokeh]]
[2019.12.08-20.36.47:393][  0]LogConfig: Setting CVar [[r.DOF.Recombine.Quality:1                ; cheap slight out of focus]]
[2019.12.08-20.36.47:393][  0]LogConfig: Setting CVar [[r.DOF.Recombine.EnableBokehSettings:0    ; no bokeh simulation on slight out of focus]]
[2019.12.08-20.36.47:393][  0]LogConfig: Setting CVar [[r.DOF.TemporalAAQuality:1                ; more stable temporal accumulation]]
[2019.12.08-20.36.47:394][  0]LogConfig: Setting CVar [[r.DOF.Kernel.MaxForegroundRadius:0.025]]
[2019.12.08-20.36.47:394][  0]LogConfig: Setting CVar [[r.DOF.Kernel.MaxBackgroundRadius:0.025]]
[2019.12.08-20.36.47:394][  0]LogConfig: Applying CVar settings from Section [TextureQuality@3] File [C:/Users/brent/Documents/GitHub/UnrealEngine4/Walking Sim/WalkingSim/Saved/Config/Windows/Scalability.ini]
[2019.12.08-20.36.47:394][  0]LogConfig: Setting CVar [[r.Streaming.MipBias:0]]
[2019.12.08-20.36.47:394][  0]LogConfig: Setting CVar [[r.Streaming.AmortizeCPUToGPUCopy:0]]
[2019.12.08-20.36.47:394][  0]LogConfig: Setting CVar [[r.Streaming.MaxNumTexturesToStreamPerFrame:0]]
[2019.12.08-20.36.47:394][  0]LogConfig: Setting CVar [[r.Streaming.Boost:1]]
[2019.12.08-20.36.47:394][  0]LogConfig: Setting CVar [[r.MaxAnisotropy:8]]
[2019.12.08-20.36.47:394][  0]LogConfig: Setting CVar [[r.Streaming.LimitPoolSizeToVRAM:0]]
[2019.12.08-20.36.47:394][  0]LogConfig: Setting CVar [[r.Streaming.PoolSize:1000]]
[2019.12.08-20.36.47:394][  0]LogConfig: Setting CVar [[r.Streaming.MaxEffectiveScreenSize:0]]
[2019.12.08-20.36.47:394][  0]LogConfig: Applying CVar settings from Section [EffectsQuality@3] File [C:/Users/brent/Documents/GitHub/UnrealEngine4/Walking Sim/WalkingSim/Saved/Config/Windows/Scalability.ini]
[2019.12.08-20.36.47:394][  0]LogConfig: Setting CVar [[r.TranslucencyLightingVolumeDim:64]]
[2019.12.08-20.36.47:394][  0]LogConfig: Setting CVar [[r.RefractionQuality:2]]
[2019.12.08-20.36.47:394][  0]LogConfig: Setting CVar [[r.SSR.Quality:3]]
[2019.12.08-20.36.47:394][  0]LogConfig: Setting CVar [[r.SceneColorFormat:4]]
[2019.12.08-20.36.47:394][  0]LogConfig: Setting CVar [[r.DetailMode:2]]
[2019.12.08-20.36.47:394][  0]LogConfig: Setting CVar [[r.TranslucencyVolumeBlur:1]]
[2019.12.08-20.36.47:394][  0]LogConfig: Setting CVar [[r.MaterialQualityLevel:1 ; High quality]]
[2019.12.08-20.36.47:394][  0]LogConfig: Setting CVar [[r.SSS.Scale:1]]
[2019.12.08-20.36.47:394][  0]LogConfig: Setting CVar [[r.SSS.SampleSet:2]]
[2019.12.08-20.36.47:394][  0]LogConfig: Setting CVar [[r.SSS.Quality:1]]
[2019.12.08-20.36.47:394][  0]LogConfig: Setting CVar [[r.SSS.HalfRes:1]]
[2019.12.08-20.36.47:394][  0]LogConfig: Setting CVar [[r.EmitterSpawnRateScale:1.0]]
[2019.12.08-20.36.47:394][  0]LogConfig: Setting CVar [[r.ParticleLightQuality:2]]
[2019.12.08-20.36.47:394][  0]LogConfig: Applying CVar settings from Section [FoliageQuality@3] File [C:/Users/brent/Documents/GitHub/UnrealEngine4/Walking Sim/WalkingSim/Saved/Config/Windows/Scalability.ini]
[2019.12.08-20.36.47:394][  0]LogConfig: Setting CVar [[foliage.DensityScale:1.0]]
[2019.12.08-20.36.47:394][  0]LogConfig: Setting CVar [[grass.DensityScale:1.0]]
[2019.12.08-20.36.47:394][  0]LogConfig: Applying CVar settings from Section [Startup] File [../../../Engine/Config/ConsoleVariables.ini]
[2019.12.08-20.36.47:394][  0]LogConfig: Setting CVar [[net.UseAdaptiveNetUpdateFrequency:0]]
[2019.12.08-20.36.47:394][  0]LogConfig: Setting CVar [[p.chaos.AllowCreatePhysxBodies:1]]
[2019.12.08-20.36.47:394][  0]LogConfig: Applying CVar settings from Section [ConsoleVariables] File [C:/Users/brent/Documents/GitHub/UnrealEngine4/Walking Sim/WalkingSim/Saved/Config/Windows/Engine.ini]
[2019.12.08-20.36.47:394][  0]LogInit: Computer: DESKTOP-4NG7PF0
[2019.12.08-20.36.47:394][  0]LogInit: User: brent
[2019.12.08-20.36.47:394][  0]LogInit: CPU Page size=4096, Cores=4
[2019.12.08-20.36.47:394][  0]LogInit: High frequency timer resolution =10.000000 MHz
[2019.12.08-20.36.47:394][  0]LogMemory: Memory total: Physical=16.0GB (16GB approx)
[2019.12.08-20.36.47:394][  0]LogMemory: Platform Memory Stats for Windows
[2019.12.08-20.36.47:394][  0]LogMemory: Process Physical Memory: 103.75 MB used, 103.75 MB peak
[2019.12.08-20.36.47:394][  0]LogMemory: Process Virtual Memory: 88.75 MB used, 88.75 MB peak
[2019.12.08-20.36.47:394][  0]LogMemory: Physical Memory: 12055.43 MB used,  4293.09 MB free, 16348.52 MB total
[2019.12.08-20.36.47:395][  0]LogMemory: Virtual Memory: 4656.99 MB used,  134213072.00 MB free, 134217728.00 MB total
[2019.12.08-20.36.47:397][  0]LogWindows: WindowsPlatformFeatures enabled
[2019.12.08-20.36.47:419][  0]LogInit: Using OS detected language (en-US).
[2019.12.08-20.36.47:419][  0]LogInit: Using OS detected locale (en-US).
[2019.12.08-20.36.47:419][  0]LogTextLocalizationManager: No specific localization for 'en-US' exists, so the 'en' localization will be used.
[2019.12.08-20.36.47:574][  0]LogInit: Setting process to per monitor DPI aware
[2019.12.08-20.36.47:608][  0]LogSlate: New Slate User Created.  User Index 0, Is Virtual User: 0
[2019.12.08-20.36.47:608][  0]LogSlate: Slate User Registered.  User Index 0, Is Virtual User: 0
[2019.12.08-20.36.47:752][  0]LogHMD: Failed to initialize OpenVR with code 110
[2019.12.08-20.36.47:752][  0]LogD3D11RHI: D3D11 adapters:
[2019.12.08-20.36.47:817][  0]LogD3D11RHI:    0. 'NVIDIA GeForce GTX 1080' (Feature Level 11_0)
[2019.12.08-20.36.47:817][  0]LogD3D11RHI:       8079/0/8174 MB DedicatedVideo/DedicatedSystem/SharedSystem, Outputs:2, VendorId:0x10de
[2019.12.08-20.36.47:820][  0]LogD3D11RHI:    1. 'Microsoft Basic Render Driver' (Feature Level 11_0)
[2019.12.08-20.36.47:820][  0]LogD3D11RHI:       0/0/8174 MB DedicatedVideo/DedicatedSystem/SharedSystem, Outputs:0, VendorId:0x1414
[2019.12.08-20.36.47:820][  0]LogD3D11RHI: Chosen D3D11 Adapter: 0
[2019.12.08-20.36.47:827][  0]LogD3D11RHI: Creating new Direct3DDevice
[2019.12.08-20.36.47:827][  0]LogD3D11RHI:     GPU DeviceId: 0x1b80 (for the marketing name, search the web for "GPU Device Id")
[2019.12.08-20.36.47:827][  0]LogWindows: EnumDisplayDevices:
[2019.12.08-20.36.47:827][  0]LogWindows:    0. 'NVIDIA GeForce GTX 1080' (P:1 D:1)
[2019.12.08-20.36.47:827][  0]LogWindows:    1. 'NVIDIA GeForce GTX 1080' (P:0 D:1)
[2019.12.08-20.36.47:828][  0]LogWindows:    2. 'NVIDIA GeForce GTX 1080' (P:0 D:0)
[2019.12.08-20.36.47:828][  0]LogWindows:    3. 'NVIDIA GeForce GTX 1080' (P:0 D:0)
[2019.12.08-20.36.47:828][  0]LogWindows: DebugString: FoundDriverCount:4 
[2019.12.08-20.36.47:828][  0]LogD3D11RHI:     Adapter Name: NVIDIA GeForce GTX 1080
[2019.12.08-20.36.47:828][  0]LogD3D11RHI:   Driver Version: 441.41 (internal:26.21.14.4141, unified:441.41)
[2019.12.08-20.36.47:828][  0]LogD3D11RHI:      Driver Date: 11-20-2019
[2019.12.08-20.36.47:828][  0]LogRHI: Texture pool is 5655 MB (70% of 8079 MB)
[2019.12.08-20.36.47:866][  0]LogD3D11RHI: Async texture creation enabled
[2019.12.08-20.36.47:884][  0]LogD3D11RHI: GPU Timing Frequency: 1000.000000 (Debug: 2 1)
[2019.12.08-20.36.48:220][  0]LogTemp: Display: Module 'AllDesktopTargetPlatform' loaded TargetPlatform 'AllDesktop'
[2019.12.08-20.36.48:228][  0]LogTemp: Display: Module 'MacClientTargetPlatform' loaded TargetPlatform 'MacClient'
[2019.12.08-20.36.48:236][  0]LogTemp: Display: Module 'MacNoEditorTargetPlatform' loaded TargetPlatform 'MacNoEditor'
[2019.12.08-20.36.48:244][  0]LogTemp: Display: Module 'MacServerTargetPlatform' loaded TargetPlatform 'MacServer'
[2019.12.08-20.36.48:252][  0]LogTemp: Display: Module 'MacTargetPlatform' loaded TargetPlatform 'Mac'
[2019.12.08-20.36.48:260][  0]LogTemp: Display: Module 'WindowsClientTargetPlatform' loaded TargetPlatform 'WindowsClient'
[2019.12.08-20.36.48:268][  0]LogTemp: Display: Module 'WindowsNoEditorTargetPlatform' loaded TargetPlatform 'WindowsNoEditor'
[2019.12.08-20.36.48:275][  0]LogTemp: Display: Module 'WindowsServerTargetPlatform' loaded TargetPlatform 'WindowsServer'
[2019.12.08-20.36.48:279][  0]LogTemp: Display: Module 'WindowsTargetPlatform' loaded TargetPlatform 'Windows'
[2019.12.08-20.36.48:309][  0]LogTemp: Display: Module 'AndroidTargetPlatform' loaded TargetPlatform 'Android'
[2019.12.08-20.36.48:309][  0]LogTemp: Display: Module 'AndroidTargetPlatform' loaded TargetPlatform 'Android_ASTC'
[2019.12.08-20.36.48:309][  0]LogTemp: Display: Module 'AndroidTargetPlatform' loaded TargetPlatform 'Android_ATC'
[2019.12.08-20.36.48:309][  0]LogTemp: Display: Module 'AndroidTargetPlatform' loaded TargetPlatform 'Android_DXT'
[2019.12.08-20.36.48:309][  0]LogTemp: Display: Module 'AndroidTargetPlatform' loaded TargetPlatform 'Android_ETC1'
[2019.12.08-20.36.48:309][  0]LogTemp: Display: Module 'AndroidTargetPlatform' loaded TargetPlatform 'Android_ETC1a'
[2019.12.08-20.36.48:309][  0]LogTemp: Display: Module 'AndroidTargetPlatform' loaded TargetPlatform 'Android_ETC2'
[2019.12.08-20.36.48:309][  0]LogTemp: Display: Module 'AndroidTargetPlatform' loaded TargetPlatform 'Android_PVRTC'
[2019.12.08-20.36.48:309][  0]LogTemp: Display: Module 'AndroidTargetPlatform' loaded TargetPlatform 'AndroidClient'
[2019.12.08-20.36.48:309][  0]LogTemp: Display: Module 'AndroidTargetPlatform' loaded TargetPlatform 'Android_ASTCClient'
[2019.12.08-20.36.48:309][  0]LogTemp: Display: Module 'AndroidTargetPlatform' loaded TargetPlatform 'Android_ATCClient'
[2019.12.08-20.36.48:309][  0]LogTemp: Display: Module 'AndroidTargetPlatform' loaded TargetPlatform 'Android_DXTClient'
[2019.12.08-20.36.48:309][  0]LogTemp: Display: Module 'AndroidTargetPlatform' loaded TargetPlatform 'Android_ETC1Client'
[2019.12.08-20.36.48:309][  0]LogTemp: Display: Module 'AndroidTargetPlatform' loaded TargetPlatform 'Android_ETC1aClient'
[2019.12.08-20.36.48:309][  0]LogTemp: Display: Module 'AndroidTargetPlatform' loaded TargetPlatform 'Android_ETC2Client'
[2019.12.08-20.36.48:309][  0]LogTemp: Display: Module 'AndroidTargetPlatform' loaded TargetPlatform 'Android_PVRTCClient'
[2019.12.08-20.36.48:309][  0]LogTemp: Display: Module 'AndroidTargetPlatform' loaded TargetPlatform 'Android_Multi'
[2019.12.08-20.36.48:309][  0]LogTemp: Display: Module 'AndroidTargetPlatform' loaded TargetPlatform 'Android_MultiClient'
[2019.12.08-20.36.48:311][  0]LogTemp: Display: Module 'HTML5TargetPlatform' loaded TargetPlatform 'HTML5'
[2019.12.08-20.36.48:326][  0]LogTemp: Display: Module 'IOSTargetPlatform' loaded TargetPlatform 'IOSClient'
[2019.12.08-20.36.48:327][  0]LogTemp: Display: Module 'IOSTargetPlatform' loaded TargetPlatform 'IOS'
[2019.12.08-20.36.48:340][  0]LogTemp: Display: Module 'TVOSTargetPlatform' loaded TargetPlatform 'TVOSClient'
[2019.12.08-20.36.48:340][  0]LogTemp: Display: Module 'TVOSTargetPlatform' loaded TargetPlatform 'TVOS'
[2019.12.08-20.36.48:347][  0]LogTemp: Display: Module 'LinuxClientTargetPlatform' loaded TargetPlatform 'LinuxClient'
[2019.12.08-20.36.48:354][  0]LogTemp: Display: Module 'LinuxNoEditorTargetPlatform' loaded TargetPlatform 'LinuxNoEditor'
[2019.12.08-20.36.48:360][  0]LogTemp: Display: Module 'LinuxServerTargetPlatform' loaded TargetPlatform 'LinuxServer'
[2019.12.08-20.36.48:368][  0]LogTemp: Display: Module 'LinuxTargetPlatform' loaded TargetPlatform 'Linux'
[2019.12.08-20.36.48:392][  0]LogTemp: Display: Module 'LuminTargetPlatform' loaded TargetPlatform 'Lumin'
[2019.12.08-20.36.48:392][  0]LogTemp: Display: Module 'LuminTargetPlatform' loaded TargetPlatform 'LuminClient'
[2019.12.08-20.36.48:392][  0]LogTargetPlatformManager: Display: Building Assets For Windows
[2019.12.08-20.36.48:401][  0]LogAudioDebug: Display: Lib vorbis DLL was dynamically loaded.
[2019.12.08-20.36.48:462][  0]LogShaderCompilers: Guid format shader working directory is -38 characters bigger than the processId version (../../../../../../Users/brent/Documents/GitHub/UnrealEngine4/Walking Sim/WalkingSim/Intermediate/Shaders/WorkingDirectory/25148/).
[2019.12.08-20.36.48:462][  0]LogShaderCompilers: Cleaned the shader compiler working directory 'C:/Users/brent/AppData/Local/Temp/UnrealShaderWorkingDir/2F2299A24B368C0B9A362CA223952349/'.
[2019.12.08-20.36.48:465][  0]LogXGEController: Cannot use XGE Controller as Incredibuild is not installed on this machine.
[2019.12.08-20.36.48:465][  0]LogShaderCompilers: Cannot use XGE Shader Compiler as Incredibuild is not installed on this machine.
[2019.12.08-20.36.48:465][  0]LogShaderCompilers: Display: Using Local Shader Compiler.
[2019.12.08-20.36.49:019][  0]LogDerivedDataCache: Display: Max Cache Size: 512 MB
[2019.12.08-20.36.49:065][  0]LogDerivedDataCache: Loaded boot cache 0.05s 73MB C:/Users/brent/AppData/Local/UnrealEngine/4.23/DerivedDataCache/Boot.ddc.
[2019.12.08-20.36.49:065][  0]LogDerivedDataCache: Display: Loaded Boot cache: C:/Users/brent/AppData/Local/UnrealEngine/4.23/DerivedDataCache/Boot.ddc
[2019.12.08-20.36.49:065][  0]LogDerivedDataCache: FDerivedDataBackendGraph:  Pak pak cache file ../../../../../../Users/brent/Documents/GitHub/UnrealEngine4/Walking Sim/WalkingSim/DerivedDataCache/DDC.ddp not found, will not use a pak cache.
[2019.12.08-20.36.49:065][  0]LogDerivedDataCache: Unable to find inner node Pak for hierarchical cache Hierarchy.
[2019.12.08-20.36.49:065][  0]LogDerivedDataCache: FDerivedDataBackendGraph:  CompressedPak pak cache file ../../../../../../Users/brent/Documents/GitHub/UnrealEngine4/Walking Sim/WalkingSim/DerivedDataCache/Compressed.ddp not found, will not use a pak cache.
[2019.12.08-20.36.49:065][  0]LogDerivedDataCache: Unable to find inner node CompressedPak for hierarchical cache Hierarchy.
[2019.12.08-20.36.49:075][  0]LogDerivedDataCache: Display: Pak cache opened for reading ../../../Engine/DerivedDataCache/Compressed.ddp.
[2019.12.08-20.36.49:075][  0]LogDerivedDataCache: FDerivedDataBackendGraph:  EnterprisePak pak cache file ../../../Enterprise/DerivedDataCache/Compressed.ddp not found, will not use a pak cache.
[2019.12.08-20.36.49:075][  0]LogDerivedDataCache: Unable to find inner node EnterprisePak for hierarchical cache Hierarchy.
[2019.12.08-20.36.49:076][  0]LogDerivedDataCache: Using Local data cache path C:/Users/brent/AppData/Local/UnrealEngine/Common/DerivedDataCache: Writable
[2019.12.08-20.36.49:076][  0]LogDerivedDataCache: Shared data cache path not found in *engine.ini, will not use an Shared cache.
[2019.12.08-20.36.49:076][  0]LogDerivedDataCache: Unable to find inner node Shared for hierarchical cache Hierarchy.
[2019.12.08-20.36.49:093][  0]LogMaterial: Verifying Global Shaders for PCD3D_SM5
[2019.12.08-20.36.49:095][  0]LogSlate: Using FreeType 2.6.0
[2019.12.08-20.36.49:096][  0]LogSlate: SlateFontServices - WITH_FREETYPE: 1, WITH_HARFBUZZ: 1
[2019.12.08-20.36.49:142][  0]LogAssetRegistry: FAssetRegistry took 0.0019 seconds to start up
[2019.12.08-20.36.49:393][  0]LogInit: Selected Device Profile: [Windows]
[2019.12.08-20.36.49:524][  0]LogMeshReduction: Using QuadricMeshReduction for automatic static mesh reduction
[2019.12.08-20.36.49:524][  0]LogMeshReduction: Using SimplygonMeshReduction for automatic skeletal mesh reduction
[2019.12.08-20.36.49:524][  0]LogMeshReduction: Using ProxyLODMeshReduction for automatic mesh merging
[2019.12.08-20.36.49:524][  0]LogMeshReduction: No distributed automatic mesh merging module available
[2019.12.08-20.36.49:524][  0]LogMeshMerging: No distributed automatic mesh merging module available
[2019.12.08-20.36.49:533][  0]LogNetVersion: WalkingSim 1.0.0, NetCL: 8386587, EngineNetVer: 11, GameNetVer: 0 (Checksum: 3506671771)
[2019.12.08-20.36.49:886][  0]LogPackageLocalizationCache: Processed 13 localized package path(s) for 1 prioritized culture(s) in 0.036074 seconds
[2019.12.08-20.36.49:893][  0]LogUObjectArray: 43444 objects as part of root set at end of initial load.
[2019.12.08-20.36.49:893][  0]LogUObjectAllocator: 7548648 out of 0 bytes used by permanent object pool.
[2019.12.08-20.36.49:893][  0]LogUObjectArray: CloseDisregardForGC: 0/0 objects in disregard for GC pool
[2019.12.08-20.36.50:755][  0]LogTcpMessaging: Initializing TcpMessaging bridge
[2019.12.08-20.36.50:758][  0]LogUdpMessaging: Initializing bridge on interface 0.0.0.0:0 to multicast group 230.0.0.1:6666.
[2019.12.08-20.36.50:897][  0]SourceControl: Source control is disabled
[2019.12.08-20.36.51:533][  0]LogAndroidPermission: UAndroidPermissionCallbackProxy::GetInstance
[2019.12.08-20.36.51:666][  0]LogOcInput: OculusInput pre-init called
[2019.12.08-20.36.51:673][  0]LogWindows: Failed to load 'OVRPlugin.dll' (GetLastError=126)
[2019.12.08-20.36.51:673][  0]LogWindows: File 'OVRPlugin.dll' does not exist
[2019.12.08-20.36.51:746][  0]LogEngine: Initializing Engine...
[2019.12.08-20.36.51:747][  0]LogHMD: Failed to initialize OpenVR with code 110
[2019.12.08-20.36.51:748][  0]LogStats: UGameplayTagsManager::InitializeManager -  0.000 s
[2019.12.08-20.36.51:939][  0]LogInit: Initializing FReadOnlyCVARCache
[2019.12.08-20.36.51:956][  0]LogAIModule: Creating AISystem for world Untitled
[2019.12.08-20.36.51:978][  0]LogInit: XAudio2 using 'Speakers (Realtek High Definition Audio)' : 2 channels at 48 kHz using 16 bits per sample (channel mask 0x3)
[2019.12.08-20.36.51:999][  0]LogInit: FAudioDevice initialized.
[2019.12.08-20.36.51:999][  0]LogNetVersion: Set ProjectVersion to 1.0.0.0. Version Checksum will be recalculated on next use.
[2019.12.08-20.36.52:131][  0]LogDerivedDataCache: Saved boot cache 0.13s 73MB C:/Users/brent/AppData/Local/UnrealEngine/4.23/DerivedDataCache/Boot.ddc.
[2019.12.08-20.36.52:136][  0]LogInit: Texture streaming: Enabled
[2019.12.08-20.36.52:155][  0]LogEngineSessionManager: EngineSessionManager initialized
[2019.12.08-20.36.52:155][  0]LogEditorSessionSummary: Verbose: Initializing EditorSessionSummaryWriter for editor session tracking
[2019.12.08-20.36.52:155][  0]LogEditorSessionSummary: EditorSessionSummaryWriter initialized
[2019.12.08-20.36.52:194][  0]LogInit: Transaction tracking system initialized
[2019.12.08-20.36.52:230][  0]BlueprintLog: New page: Editor Load
[2019.12.08-20.36.52:320][  0]LocalizationService: Localization service is disabled
[2019.12.08-20.36.52:563][  0]LogFileCache: Scanning file cache for directory 'C:/Users/brent/Documents/GitHub/UnrealEngine4/Walking Sim/WalkingSim/Content/' took 0.01s
[2019.12.08-20.36.52:563][  0]LogCook: Display: Max memory allowance for cook 16384mb min free memory 0mb
[2019.12.08-20.36.52:563][  0]LogCook: Display: Mobile HDR setting 1
[2019.12.08-20.36.52:744][  0]Cmd: MAP LOAD FILE="../../../../../../Users/brent/Documents/GitHub/UnrealEngine4/Walking Sim/WalkingSim/Content/FirstPersonBP/Maps/FirstPersonExampleMap.umap" TEMPLATE=0 SHOWPROGRESS=1 FEATURELEVEL=3
[2019.12.08-20.36.52:745][  0]LightingResults: New page: Lighting Build
[2019.12.08-20.36.52:748][  0]LogWorld: UWorld::CleanupWorld for Untitled, bSessionEnded=true, bCleanupResources=true
[2019.12.08-20.36.52:748][  0]MapCheck: New page: Map Check
[2019.12.08-20.36.52:748][  0]LightingResults: New page: Lighting Build
[2019.12.08-20.36.52:773][  0]LogUObjectHash: Compacting FUObjectHashTables data took   1.93ms
[2019.12.08-20.36.53:038][  0]LogAIModule: Creating AISystem for world FirstPersonExampleMap
[2019.12.08-20.36.53:143][  0]LogEditorServer: Finished looking for orphan Actors (0.000 secs)
[2019.12.08-20.36.53:165][  0]LogUObjectHash: Compacting FUObjectHashTables data took   1.69ms
[2019.12.08-20.36.53:165][  0]Cmd: MAP CHECKDEP NOCLEARLOG
[2019.12.08-20.36.53:165][  0]MapCheck: Map check complete: 0 Error(s), 0 Warning(s), took 0.154ms to complete.
[2019.12.08-20.36.53:165][  0]LogFileHelpers: Loading map 'FirstPersonExampleMap' took 0.421
[2019.12.08-20.36.53:329][  0]LogSlate: Updating window title bar state: overlay mode, drag disabled, window buttons hidden, title bar hidden
[2019.12.08-20.36.53:337][  0]LogSlate: Updating window title bar state: overlay mode, drag disabled, window buttons hidden, title bar hidden
[2019.12.08-20.36.53:346][  0]LogSlate: Updating window title bar state: overlay mode, drag disabled, window buttons hidden, title bar hidden
[2019.12.08-20.36.53:356][  0]LogSlate: Updating window title bar state: overlay mode, drag disabled, window buttons hidden, title bar hidden
[2019.12.08-20.36.53:404][  0]LogCollectionManager: Loaded 0 collections in 0.003179 seconds
[2019.12.08-20.36.53:412][  0]LogFileCache: Scanning file cache for directory 'C:/Users/brent/Documents/GitHub/UnrealEngine4/Walking Sim/WalkingSim/Saved/Collections/' took 0.00s
[2019.12.08-20.36.53:412][  0]LogFileCache: Scanning file cache for directory 'C:/Users/brent/Documents/GitHub/UnrealEngine4/Walking Sim/WalkingSim/Content/Developers/brent/Collections/' took 0.00s
[2019.12.08-20.36.53:412][  0]LogFileCache: Scanning file cache for directory 'C:/Users/brent/Documents/GitHub/UnrealEngine4/Walking Sim/WalkingSim/Content/Collections/' took 0.00s
[2019.12.08-20.36.53:412][  0]LogCollectionManager: Rebuilt the GUID cache for 0 collections in 0.000002 seconds
[2019.12.08-20.36.53:424][  0]LogContentBrowser: Native class hierarchy populated in 0.0118 seconds. Added 2873 classes and 697 folders.
[2019.12.08-20.36.53:461][  0]LogContentBrowser: Native class hierarchy updated for 'WidgetCarousel' in 0.0002 seconds. Added 0 classes and 0 folders.
[2019.12.08-20.36.53:501][  0]LogContentBrowser: Native class hierarchy updated for 'AddContentDialog' in 0.0002 seconds. Added 0 classes and 0 folders.
[2019.12.08-20.36.53:545][  0]LogContentBrowser: Native class hierarchy updated for 'SceneOutliner' in 0.0003 seconds. Added 1 classes and 2 folders.
[2019.12.08-20.36.53:663][  0]LogSlate: Took 0.000153 seconds to synchronously load lazily loaded font '../../../Engine/Content/Slate/Fonts/Roboto-Regular.ttf' (155K)
[2019.12.08-20.36.55:351][  0]LogSlate: Only BGRA pngs, bmps or icos are supported in by External Image Picker
[2019.12.08-20.36.55:383][  0]LogSlate: Took 0.000167 seconds to synchronously load lazily loaded font '../../../Engine/Content/Slate/Fonts/Roboto-Bold.ttf' (160K)
[2019.12.08-20.36.55:418][  0]LogSlate: Took 0.029259 seconds to synchronously load lazily loaded font '../../../Engine/Content/Editor/Slate/Fonts/FontAwesome.ttf' (139K)
[2019.12.08-20.36.55:495][  0]LogRenderer: Reallocating scene render targets to support 1208x572 Format 10 NumSamples 1 (Frame:1).
[2019.12.08-20.36.55:605][  0]LogContentBrowser: Native class hierarchy updated for 'HierarchicalLODOutliner' in 0.0002 seconds. Added 0 classes and 0 folders.
[2019.12.08-20.36.55:605][  0]LogLoad: (Engine Initialization) Total time: 9.46 seconds
[2019.12.08-20.36.55:605][  0]LogLoad: (Engine Initialization) Total Blueprint compile time: 0.00 seconds
[2019.12.08-20.36.55:714][  0]LogContentStreaming: Texture pool size now 1000 MB
[2019.12.08-20.36.55:732][  0]LogSlate: Took 0.007034 seconds to synchronously load lazily loaded font '../../../Engine/Content/Slate/Fonts/Roboto-Light.ttf' (167K)
[2019.12.08-20.36.56:004][  4]LogAssetRegistry: Asset discovery search completed in 6.8625 seconds
[2019.12.08-20.36.56:007][  4]LogCollectionManager: Rebuilt the object cache for 0 collections in 0.000006 seconds (found 0 objects)
[2019.12.08-20.36.56:007][  4]LogCollectionManager: Fixed up redirectors for 0 collections in 0.000056 seconds (updated 0 objects)
[2019.12.08-20.37.18:348][ 72]LogSlate: FSceneViewport::OnFocusLost() reason 0
[2019.12.08-20.40.03:798][693]LogConcert: [Pending] Launching Unreal Multi-User Server...
[2019.12.08-20.40.03:818][693]LogConcert: [Success] Launched Unreal Multi-User Server
[2019.12.08-20.40.05:809][844]LogConcert: Display: Admin (E810DC0F473D3DC190D5849456E0CBCF): Remote endpoint '9C0BD8A646DC41219199068684637DE4' discovered.
[2019.12.08-20.40.05:815][845]LogConcert: Display: Server DESKTOP-4NG7PF0 discovered.
[2019.12.08-20.40.22:204][681]LogConcert: [Pending] Joining Session...
[2019.12.08-20.40.22:204][681]LogConcert: [Pending] Joining Session... - Validating Workspace...
[2019.12.08-20.40.22:208][681]LogSlate: Took 0.000137 seconds to synchronously load lazily loaded font '../../../Engine/Content/Slate/Fonts/Roboto-Light.ttf' (167K)
[2019.12.08-20.40.23:057][769]SourceControl: fatal: C:/Program Files/Epic Games/UE_4.23/Engine/Content: 'C:/Program Files/Epic Games/UE_4.23/Engine/Content' is outside repository
[2019.12.08-20.40.23:057][769]SourceControl: fatal: C:/Program Files/Epic Games/UE_4.23/Engine/Plugins/2D/Paper2D/Content: 'C:/Program Files/Epic Games/UE_4.23/Engine/Plugins/2D/Paper2D/Content' is outside repository
[2019.12.08-20.40.23:057][769]SourceControl: fatal: C:/Program Files/Epic Games/UE_4.23/Engine/Plugins/Developer/AnimationSharing/Content: 'C:/Program Files/Epic Games/UE_4.23/Engine/Plugins/Developer/AnimationSharing/Content' is outside repository
[2019.12.08-20.40.23:057][769]SourceControl: fatal: C:/Program Files/Epic Games/UE_4.23/Engine/Plugins/Developer/Concert/ConcertSync/ConcertSyncClient/Content: 'C:/Program Files/Epic Games/UE_4.23/Engine/Plugins/Developer/Concert/ConcertSync/ConcertSyncClient/Content' is outside repository
[2019.12.08-20.40.23:057][769]SourceControl: fatal: C:/Program Files/Epic Games/UE_4.23/Engine/Plugins/Editor/CryptoKeys/Content: 'C:/Program Files/Epic Games/UE_4.23/Engine/Plugins/Editor/CryptoKeys/Content' is outside repository
[2019.12.08-20.40.23:057][769]SourceControl: fatal: C:/Program Files/Epic Games/UE_4.23/Engine/Plugins/Editor/CurveEditorTools/Content: 'C:/Program Files/Epic Games/UE_4.23/Engine/Plugins/Editor/CurveEditorTools/Content' is outside repository
[2019.12.08-20.40.23:057][769]SourceControl: fatal: C:/Program Files/Epic Games/UE_4.23/Engine/Plugins/Enterprise/DatasmithContent/Content: 'C:/Program Files/Epic Games/UE_4.23/Engine/Plugins/Enterprise/DatasmithContent/Content' is outside repository
[2019.12.08-20.40.23:057][769]SourceControl: fatal: C:/Program Files/Epic Games/UE_4.23/Engine/Plugins/Experimental/AutomationUtils/Content: 'C:/Program Files/Epic Games/UE_4.23/Engine/Plugins/Experimental/AutomationUtils/Content' is outside repository
[2019.12.08-20.40.23:057][769]SourceControl: fatal: C:/Program Files/Epic Games/UE_4.23/Engine/Plugins/Lumin/MagicLeap/Content: 'C:/Program Files/Epic Games/UE_4.23/Engine/Plugins/Lumin/MagicLeap/Content' is outside repository
[2019.12.08-20.40.23:057][769]SourceControl: fatal: C:/Program Files/Epic Games/UE_4.23/Engine/Plugins/Media/MediaCompositing/Content: 'C:/Program Files/Epic Games/UE_4.23/Engine/Plugins/Media/MediaCompositing/Content' is outside repository
[2019.12.08-20.40.23:057][769]SourceControl: fatal: C:/Program Files/Epic Games/UE_4.23/Engine/Plugins/Runtime/Oculus/OculusVR/Content: 'C:/Program Files/Epic Games/UE_4.23/Engine/Plugins/Runtime/Oculus/OculusVR/Content' is outside repository
[2019.12.08-20.40.23:057][769]SourceControl: fatal: C:/Program Files/Epic Games/UE_4.23/Engine/Plugins/Runtime/Steam/SteamVR/Content: 'C:/Program Files/Epic Games/UE_4.23/Engine/Plugins/Runtime/Steam/SteamVR/Content' is outside repository
[2019.12.08-20.40.23:141][774]LogConcert: [Pending] Joining Session... - Attempting Remote Connection...
[2019.12.08-20.40.24:169][775]LogConcert: Display: Initialized Concert session 'WalkingSim' (Id: DCF2ACCE4A2C4EE15B53CAA6F7ECC79F, Owner: brent).
[2019.12.08-20.40.24:169][775]LogConcert: Display: Connecting to Concert session 'WalkingSim' (Id: DCF2ACCE4A2C4EE15B53CAA6F7ECC79F, Owner: brent).
[2019.12.08-20.40.24:182][776]LogConcert: Display: WalkingSim (8D12C5424116870544754C8A121FE164): Remote endpoint '314989E24AE52CA76E3771AC120F5F84' discovered.
[2019.12.08-20.40.24:182][776]LogConcert: [Success] Joined Session 'WalkingSim'
[2019.12.08-20.40.24:293][777]LogConcert: Display: Connected to Concert session 'WalkingSim' (Id: DCF2ACCE4A2C4EE15B53CAA6F7ECC79F, Owner: brent).
[2019.12.08-20.40.24:315][778]LogConcert: Display: Synced activity '1' produced by endpoint 'A56A34F0489187AC238448900EF44411': brent joined the session.
[2019.12.08-20.40.24:318][778]LogConcert: Display: Synced activity '2' produced by endpoint 'A56A34F0489187AC238448900EF44411': brent locked /Script/Concert.
[2019.12.08-20.40.24:320][778]LogConcert: Display: Synced activity '3' produced by endpoint 'A56A34F0489187AC238448900EF44411': brent locked EditorCube11_5.StaticMeshComponent0 in /Game/FirstPersonBP/Maps/FirstPersonExampleMap.
[2019.12.08-20.40.24:335][778]LogConcert: Display: Synced activity '4' produced by endpoint 'A56A34F0489187AC238448900EF44411': brent modified EditorCube11_5.StaticMeshComponent0 in /Game/FirstPersonBP/Maps/FirstPersonExampleMap.
[2019.12.08-20.40.24:337][778]LogConcert: Display: Synced activity '5' produced by endpoint 'A56A34F0489187AC238448900EF44411': brent unlocked EditorCube11_5.StaticMeshComponent0 in /Game/FirstPersonBP/Maps/FirstPersonExampleMap.
[2019.12.08-20.40.26:909][  6]LogConcert: Display: Synced activity '6' produced by endpoint 'A56A34F0489187AC238448900EF44411': brent saved package /Game/FirstPersonBP/Maps/FirstPersonExampleMap.
[2019.12.08-20.40.30:126][274]LogConcert: Display: Synced activity '7' produced by endpoint 'A56A34F0489187AC238448900EF44411': brent saved package /Game/FirstPersonBP/Maps/FirstPersonExampleMap_BuiltData.
[2019.12.08-20.40.30:129][274]LogConcert: Display: Synced activity '8' produced by endpoint 'A56A34F0489187AC238448900EF44411': brent unlocked /Script/Concert.
[2019.12.08-20.40.30:130][274]LogConcert: Display: Synced activity '9' produced by endpoint 'A56A34F0489187AC238448900EF44411': brent left the session.
[2019.12.08-20.40.30:132][274]LogConcert: Display: Synced activity '10' produced by endpoint 'F23DEA8D46D24FEB9E7ED0ACF085970C': brent joined the session.
[2019.12.08-20.40.30:134][274]LogConcert: Display: Synced activity '11' produced by endpoint 'F23DEA8D46D24FEB9E7ED0ACF085970C': brent locked /Script/Concert.
[2019.12.08-20.40.30:135][274]LogConcert: Display: Synced activity '12' produced by endpoint 'F23DEA8D46D24FEB9E7ED0ACF085970C': brent unlocked /Script/Concert.
[2019.12.08-20.40.30:136][274]LogConcert: Display: Synced activity '13' produced by endpoint 'F23DEA8D46D24FEB9E7ED0ACF085970C': brent left the session.
[2019.12.08-20.40.30:138][274]LogConcert: Display: Synced activity '14' produced by endpoint 'A60F55E0409C007285E900BC4D1A33FC': brent joined the session.
[2019.12.08-20.40.30:140][274]LogConcert: Display: Synced activity '15' produced by endpoint 'A60F55E0409C007285E900BC4D1A33FC': brent left the session.
[2019.12.08-20.40.30:141][274]LogConcert: Display: Synced activity '16' produced by endpoint '8D12C5424116870544754C8A121FE164': brent joined the session.
[2019.12.08-20.40.30:595][274]LightingResults: New page: Lighting Build
[2019.12.08-20.40.30:624][274]LogWorld: UWorld::CleanupWorld for FirstPersonExampleMap, bSessionEnded=true, bCleanupResources=true
[2019.12.08-20.40.30:624][274]MapCheck: New page: Map Check
[2019.12.08-20.40.30:625][274]LightingResults: New page: Lighting Build
[2019.12.08-20.40.30:731][274]LogUObjectHash: Compacting FUObjectHashTables data took   2.40ms
[2019.12.08-20.40.30:754][274]LogAIModule: Creating AISystem for world Untitled
[2019.12.08-20.40.31:030][274]LoadErrors: New page: New Map
[2019.12.08-20.40.31:054][274]LogAIModule: Creating AISystem for world FirstPersonExampleMap
[2019.12.08-20.40.31:067][274]LogAssetEditorManager: Opening Asset editor for World /Game/FirstPersonBP/Maps/FirstPersonExampleMap.FirstPersonExampleMap
[2019.12.08-20.40.31:110][274]LogUObjectHash: Compacting FUObjectHashTables data took   1.50ms
[2019.12.08-20.40.31:123][274]Cmd: MAP LOAD FILE="../../../../../../Users/brent/Documents/GitHub/UnrealEngine4/Walking Sim/WalkingSim/Content/FirstPersonBP/Maps/FirstPersonExampleMap.umap" TEMPLATE=0 SHOWPROGRESS=1 FEATURELEVEL=3
[2019.12.08-20.40.31:123][274]LightingResults: New page: Lighting Build
[2019.12.08-20.40.31:123][274]LoadErrors: New page: Loading map: FirstPersonExampleMap.umap
[2019.12.08-20.40.31:123][274]LogWorld: UWorld::CleanupWorld for Untitled, bSessionEnded=true, bCleanupResources=true
[2019.12.08-20.40.31:123][274]MapCheck: New page: Map Check
[2019.12.08-20.40.31:123][274]LightingResults: New page: Lighting Build
[2019.12.08-20.40.31:142][274]LogUObjectHash: Compacting FUObjectHashTables data took   1.32ms
[2019.12.08-20.40.31:254][274]LogEditorServer: Finished looking for orphan Actors (0.000 secs)
[2019.12.08-20.40.31:276][274]LogUObjectHash: Compacting FUObjectHashTables data took   1.37ms
[2019.12.08-20.40.31:302][274]Cmd: MAP CHECKDEP NOCLEARLOG
[2019.12.08-20.40.31:302][274]MapCheck: Map check complete: 0 Error(s), 0 Warning(s), took 0.182ms to complete.
[2019.12.08-20.40.31:302][274]LogFileHelpers: Loading map 'FirstPersonExampleMap' took 0.191
[2019.12.08-20.40.34:235][448]LogSlate: Window 'Message' being destroyed
[2019.12.08-20.40.36:112][448]LogSlate: Window 'Persist & Submit Files' being destroyed
[2019.12.08-20.40.38:107][565]LogSlate: Window 'Message' being destroyed
[2019.12.08-20.40.39:239][565]LogSlate: Window 'Persist & Submit Files' being destroyed
[2019.12.08-20.40.39:247][565]LogConcert: [Pending] Persisting Session Changes
[2019.12.08-20.40.39:699][565]LogConcert: [Pending] Persisting Session Changes - See Message Log
[2019.12.08-20.40.39:699][565]LogConcert: [Success] Successfully Persisted Session Changes - Succesfully persisted session files
[2019.12.08-20.40.39:705][565]LogConcert: Display: Disconnected from Concert session 'WalkingSim' (Id: DCF2ACCE4A2C4EE15B53CAA6F7ECC79F, Owner: brent).
[2019.12.08-20.40.40:065][565]LogDirectoryWatcher: A directory notification for 'C:/Users/brent/Documents/GitHub/UnrealEngine4/Walking Sim/WalkingSim/Intermediate/Concert/MultiUser/76E0D4464A3FAF6D53BBDBB027612174/DCF2ACCE4A2C4EE15B53CAA6F7ECC79F/Sandbox/Engine/' was aborted.
[2019.12.08-20.40.40:066][565]LogDirectoryWatcher: A directory notification for 'C:/Users/brent/Documents/GitHub/UnrealEngine4/Walking Sim/WalkingSim/Intermediate/Concert/MultiUser/76E0D4464A3FAF6D53BBDBB027612174/DCF2ACCE4A2C4EE15B53CAA6F7ECC79F/Sandbox/WalkingSim/' was aborted.
[2019.12.08-20.40.40:066][565]LogDirectoryWatcher: A directory notification for 'C:/Users/brent/Documents/GitHub/UnrealEngine4/Walking Sim/WalkingSim/Intermediate/Concert/MultiUser/76E0D4464A3FAF6D53BBDBB027612174/DCF2ACCE4A2C4EE15B53CAA6F7ECC79F/Sandbox/Paper2D/' was aborted.
[2019.12.08-20.40.40:066][565]LogDirectoryWatcher: A directory notification for 'C:/Users/brent/Documents/GitHub/UnrealEngine4/Walking Sim/WalkingSim/Intermediate/Concert/MultiUser/76E0D4464A3FAF6D53BBDBB027612174/DCF2ACCE4A2C4EE15B53CAA6F7ECC79F/Sandbox/AnimationSharing/' was aborted.
[2019.12.08-20.40.40:066][565]LogDirectoryWatcher: A directory notification for 'C:/Users/brent/Documents/GitHub/UnrealEngine4/Walking Sim/WalkingSim/Intermediate/Concert/MultiUser/76E0D4464A3FAF6D53BBDBB027612174/DCF2ACCE4A2C4EE15B53CAA6F7ECC79F/Sandbox/ConcertSyncClient/' was aborted.
[2019.12.08-20.40.40:066][565]LogDirectoryWatcher: A directory notification for 'C:/Users/brent/Documents/GitHub/UnrealEngine4/Walking Sim/WalkingSim/Intermediate/Concert/MultiUser/76E0D4464A3FAF6D53BBDBB027612174/DCF2ACCE4A2C4EE15B53CAA6F7ECC79F/Sandbox/CryptoKeys/' was aborted.
[2019.12.08-20.40.40:066][565]LogDirectoryWatcher: A directory notification for 'C:/Users/brent/Documents/GitHub/UnrealEngine4/Walking Sim/WalkingSim/Intermediate/Concert/MultiUser/76E0D4464A3FAF6D53BBDBB027612174/DCF2ACCE4A2C4EE15B53CAA6F7ECC79F/Sandbox/CurveEditorTools/' was aborted.
[2019.12.08-20.40.40:066][565]LogDirectoryWatcher: A directory notification for 'C:/Users/brent/Documents/GitHub/UnrealEngine4/Walking Sim/WalkingSim/Intermediate/Concert/MultiUser/76E0D4464A3FAF6D53BBDBB027612174/DCF2ACCE4A2C4EE15B53CAA6F7ECC79F/Sandbox/DatasmithContent/' was aborted.
[2019.12.08-20.40.40:066][565]LogDirectoryWatcher: A directory notification for 'C:/Users/brent/Documents/GitHub/UnrealEngine4/Walking Sim/WalkingSim/Intermediate/Concert/MultiUser/76E0D4464A3FAF6D53BBDBB027612174/DCF2ACCE4A2C4EE15B53CAA6F7ECC79F/Sandbox/AutomationUtils/' was aborted.
[2019.12.08-20.40.40:066][565]LogDirectoryWatcher: A directory notification for 'C:/Users/brent/Documents/GitHub/UnrealEngine4/Walking Sim/WalkingSim/Intermediate/Concert/MultiUser/76E0D4464A3FAF6D53BBDBB027612174/DCF2ACCE4A2C4EE15B53CAA6F7ECC79F/Sandbox/MagicLeap/' was aborted.
[2019.12.08-20.40.40:066][565]LogDirectoryWatcher: A directory notification for 'C:/Users/brent/Documents/GitHub/UnrealEngine4/Walking Sim/WalkingSim/Intermediate/Concert/MultiUser/76E0D4464A3FAF6D53BBDBB027612174/DCF2ACCE4A2C4EE15B53CAA6F7ECC79F/Sandbox/MediaCompositing/' was aborted.
[2019.12.08-20.40.40:066][565]LogDirectoryWatcher: A directory notification for 'C:/Users/brent/Documents/GitHub/UnrealEngine4/Walking Sim/WalkingSim/Intermediate/Concert/MultiUser/76E0D4464A3FAF6D53BBDBB027612174/DCF2ACCE4A2C4EE15B53CAA6F7ECC79F/Sandbox/OculusVR/' was aborted.
[2019.12.08-20.40.40:066][565]LogDirectoryWatcher: A directory notification for 'C:/Users/brent/Documents/GitHub/UnrealEngine4/Walking Sim/WalkingSim/Intermediate/Concert/MultiUser/76E0D4464A3FAF6D53BBDBB027612174/DCF2ACCE4A2C4EE15B53CAA6F7ECC79F/Sandbox/SteamVR/' was aborted.
[2019.12.08-20.40.40:068][565]LightingResults: New page: Lighting Build
[2019.12.08-20.40.40:069][565]LogWorld: UWorld::CleanupWorld for FirstPersonExampleMap, bSessionEnded=true, bCleanupResources=true
[2019.12.08-20.40.40:069][565]MapCheck: New page: Map Check
[2019.12.08-20.40.40:069][565]LightingResults: New page: Lighting Build
[2019.12.08-20.40.40:099][565]LogUObjectHash: Compacting FUObjectHashTables data took   1.76ms
[2019.12.08-20.40.40:101][565]LogAIModule: Creating AISystem for world Untitled
[2019.12.08-20.40.40:205][565]LoadErrors: New page: New Map
[2019.12.08-20.40.40:247][565]LogAIModule: Creating AISystem for world FirstPersonExampleMap
[2019.12.08-20.40.40:277][565]LogAssetEditorManager: Opening Asset editor for World /Game/FirstPersonBP/Maps/FirstPersonExampleMap.FirstPersonExampleMap
[2019.12.08-20.40.40:298][565]LogUObjectHash: Compacting FUObjectHashTables data took   1.88ms
[2019.12.08-20.40.40:299][565]Cmd: MAP LOAD FILE="../../../../../../Users/brent/Documents/GitHub/UnrealEngine4/Walking Sim/WalkingSim/Content/FirstPersonBP/Maps/FirstPersonExampleMap.umap" TEMPLATE=0 SHOWPROGRESS=1 FEATURELEVEL=3
[2019.12.08-20.40.40:299][565]LightingResults: New page: Lighting Build
[2019.12.08-20.40.40:299][565]LoadErrors: New page: Loading map: FirstPersonExampleMap.umap
[2019.12.08-20.40.40:300][565]LogWorld: UWorld::CleanupWorld for Untitled, bSessionEnded=true, bCleanupResources=true
[2019.12.08-20.40.40:300][565]MapCheck: New page: Map Check
[2019.12.08-20.40.40:300][565]LightingResults: New page: Lighting Build
[2019.12.08-20.40.40:321][565]LogUObjectHash: Compacting FUObjectHashTables data took   1.56ms
[2019.12.08-20.40.40:619][565]LogEditorServer: Finished looking for orphan Actors (0.000 secs)
[2019.12.08-20.40.40:641][565]LogUObjectHash: Compacting FUObjectHashTables data took   1.33ms
[2019.12.08-20.40.40:650][565]Cmd: MAP CHECKDEP NOCLEARLOG
[2019.12.08-20.40.40:651][565]MapCheck: Map check complete: 0 Error(s), 0 Warning(s), took 0.116ms to complete.
[2019.12.08-20.40.40:652][565]LogFileHelpers: Loading map 'FirstPersonExampleMap' took 0.354
[2019.12.08-20.40.40:720][565]LogConcert: Display: Shutdown Concert session 'WalkingSim' (Id: DCF2ACCE4A2C4EE15B53CAA6F7ECC79F, Owner: brent).
[2019.12.08-20.40.41:147][565]LogConcert: Display: WalkingSim (8D12C5424116870544754C8A121FE164): Remote endpoint '314989E24AE52CA76E3771AC120F5F84' timed-out.
[2019.12.08-20.40.41:192][567]LogConcert: Display: Server DESKTOP-4NG7PF0 lost.
[2019.12.08-20.40.41:207][568]LogConcert: Display: Server DESKTOP-4NG7PF0 discovered.
[2019.12.08-20.40.48:266][241]LogConcert: Display: Server DESKTOP-4NG7PF0 lost.
[2019.12.08-20.41.43:232][339]LogConcert: Display: Admin (E810DC0F473D3DC190D5849456E0CBCF): Remote endpoint '9C0BD8A646DC41219199068684637DE4' timed-out.
[2019.12.08-20.41.43:232][339]LogConcert: Warning: Admin (E810DC0F473D3DC190D5849456E0CBCF): Message '0A9638284140F2F12C5A6BB2B405C21C' (ConcertAdmin_GetLiveSessionsRequest) timed-out sending to '9C0BD8A646DC41219199068684637DE4'.
[2019.12.08-20.41.43:232][339]LogConcert: Warning: Admin (E810DC0F473D3DC190D5849456E0CBCF): Message '7303FAFD42800BFE4794DFBEFD39D738' (ConcertAdmin_GetArchivedSessionsRequest) timed-out sending to '9C0BD8A646DC41219199068684637DE4'.
[2019.12.08-20.41.43:232][339]LogConcert: Warning: Admin (E810DC0F473D3DC190D5849456E0CBCF): Message 'DB2C8DCA496E4E031DD35FB92437BCE0' (ConcertAdmin_GetLiveSessionsRequest) timed-out sending to '9C0BD8A646DC41219199068684637DE4'.
[2019.12.08-20.41.43:232][339]LogConcert: Warning: Admin (E810DC0F473D3DC190D5849456E0CBCF): Message 'F3F8ECB84C015524922026B43853A313' (ConcertAdmin_GetArchivedSessionsRequest) timed-out sending to '9C0BD8A646DC41219199068684637DE4'.
[2019.12.08-20.46.57:028][424]LogEditorSessionSummary: EditorSessionSummary sent report. Type=Shutdown, SessionId={272BF87B-4601-F711-1AF3-33A11583295E}
[2019.12.08-20.56.03:981][420]LogEditorViewport: Clicking on Actor (LMB): StaticMeshActor (EditorCube11)
[2019.12.08-20.56.04:506][467]LogEditorViewport: Clicking on Actor (LMB): StaticMeshActor (EditorCube8)
[2019.12.08-20.56.40:305][733]LogSlate: Took 0.005336 seconds to synchronously load lazily loaded font '../../../Engine/Content/Slate/Fonts/Roboto-Italic.ttf' (157K)
[2019.12.08-20.57.14:240][104]LogEditorViewport: Clicking on Actor (LMB): StaticMeshActor (EditorCube11)
[2019.12.08-20.57.24:385][295]LogEditorViewport: Clicking on Actor (LMB): StaticMeshActor (Wall1)
[2019.12.08-20.57.25:434][417]LogEditorViewport: Clicking on Actor (LMB): BP_Sky_Sphere_C (SkySphereBlueprint)
[2019.12.08-20.57.50:451][587]LogUObjectHash: Compacting FUObjectHashTables data took   0.81ms
[2019.12.08-20.57.50:555][587]LogSavePackage: Moving '../../../../../../Users/brent/Documents/GitHub/UnrealEngine4/Walking Sim/WalkingSim/Saved/FirstPersonExampleMap_Auto126926336476FD65629F68E8321045321.tmp' to '../../../../../../Users/brent/Documents/GitHub/UnrealEngine4/Walking Sim/WalkingSim/Saved/Autosaves/Game/FirstPersonBP/Maps/FirstPersonExampleMap_Auto1.umap'
[2019.12.08-20.57.50:557][587]LogFileHelpers: Editor autosave (incl. sublevels) for '/Game/FirstPersonBP/Maps/FirstPersonExampleMap' took 0.124
[2019.12.08-20.57.50:557][587]LogFileHelpers: Editor autosave (incl. sublevels) for all levels took 0.124
[2019.12.08-21.01.01:332][156]LogSlate: FSceneViewport::OnFocusLost() reason 5
[2019.12.08-21.01.23:753][862]LogSlate: FSceneViewport::OnFocusLost() reason 0
[2019.12.08-21.01.25:136][ 28]LogEditorViewport: Clicking on Actor (LMB): StaticMeshActor (EditorCube8)
[2019.12.08-21.01.26:337][166]LogEditorViewport: Clicking on Actor (LMB): StaticMeshActor (Wall1)
[2019.12.08-21.01.27:283][276]LogEditorViewport: Clicking on Actor (LMB): BP_Sky_Sphere_C (SkySphereBlueprint)
[2019.12.08-21.02.43:152][686]LogSlate: FSceneViewport::OnFocusLost() reason 0
[2019.12.08-21.04.55:098][489]LogSlate: Window 'Multi-User Browser' being destroyed
[2019.12.08-21.04.55:101][489]LogSlate: Window 'Multi-User Browser' being destroyed
[2019.12.08-21.04.56:449][493]LogSlate: Window 'Project Settings' being destroyed
[2019.12.08-21.04.56:451][493]LogSlate: Window 'Project Settings' being destroyed
[2019.12.08-21.05.06:697][615]LogEditorViewport: Clicking on Actor (LMB): StaticMeshActor (EditorCube8)
[2019.12.08-21.05.07:238][676]LogEditorViewport: Clicking on Actor (LMB): StaticMeshActor (EditorCube11)
[2019.12.08-21.05.07:641][721]LogEditorViewport: Clicking on Actor (LMB): StaticMeshActor (EditorCube9)
[2019.12.08-21.05.10:417][ 51]LogEditorViewport: Clicking on Actor (LMB): StaticMeshActor (EditorCube11)
[2019.12.08-21.05.15:054][604]LogEditorViewport: Clicking on Actor (context menu): StaticMeshActor (EditorCube11)
[2019.12.08-21.05.15:254][604]LogSlate: FSceneViewport::OnFocusLost() reason 5
[2019.12.08-21.05.17:191][836]LogEditorViewport: Clicking on Actor (LMB): StaticMeshActor (EditorCube11)
[2019.12.08-21.05.18:402][978]LogSlate: FSceneViewport::OnFocusLost() reason 0
[2019.12.08-21.05.24:753][732]Cmd: DELETE
[2019.12.08-21.05.24:753][732]Cmd: ACTOR DELETE
[2019.12.08-21.05.25:192][732]LogEditorActor: Deleted Actor: StaticMeshActor
[2019.12.08-21.05.25:212][732]LogUObjectHash: Compacting FUObjectHashTables data took   1.45ms
[2019.12.08-21.05.25:213][732]LogEditorActor: Deleted 1 Actors (0.103 secs)
